Model loaded on device: cuda

==============================
Metrics for GT-pairs
==============================
[GT-pairs] English-only samples: 190
Total samples: 190

--- Example 1 ---
ID: cu31924087948174_0035_0
GT : preferred by Sophocles, as making the complete. See 1029 ff. and note.
OCR: preferred by Sophocles, as making the complete. See roag ff, and note.

--- Example 2 ---
ID: cu31924087948174_0035_1
GT : with making Ajax perfom his last act in presence of the Sun, and
OCR: with making Ajax perform his last act in presence of the Sun, and

--- Example 3 ---
ID: cu31924087948174_0035_10
GT : all probability an Epic origin1; but Sophocles is fairly to be credited
OCR: all probability an Epic origin 1; but Sophocles is fairly to be credited

--- Example 4 ---
ID: cu31924087948174_0035_12
GT : In his dissembling speech he professes himself anxious to avoid her
OCR: In his dissembling speech he professes himself anxious to avoid her

| FINAL METRICS |
Average CER: 0.010050449783562562
Average WER: 0.04903968838179363

==============================
Metrics for BlurGT-Pairs
==============================
[BlurGT-Pairs] English-only samples: 190
Total samples: 190

--- Example 1 ---
ID: cu31924087948174_0035_0_blur
GT : preferred by Sophocles, as making the complete. See 1029 ff. and note.
OCR: preferred by Sophocles, as making the complete. See 1029 ff, and note.

--- Example 2 ---
ID: cu31924087948174_0035_10_blur
GT : all probability an Epic origin1; but Sophocles is fairly to be credited
OCR: all probability an Epic origin 1; but Sophocles is fairly to be credited

--- Example 3 ---
ID: cu31924087948174_0035_12_blur
GT : In his dissembling speech he professes himself anxious to avoid her
OCR: In his dissenting speech he professes himself anxious to avoid her

--- Example 4 ---
ID: cu31924087948174_0035_13_blur
GT : not, as Pindar describes it, at dead of night, or as Arctinus (according
OCR: not, as Pindar describes it, at dead of night, or as Arctinus (according

| FINAL METRICS |
Average CER: 0.01697240816694629
Average WER: 0.0848285924601714

==============================
Metrics for iso_noise_folder
==============================
[iso_noise_folder] English-only samples: 190
Total samples: 190

--- Example 1 ---
ID: cu31924087948174_0035_0_iso
GT : preferred by Sophocles, as making the complete. See 1029 ff. and note.
OCR: preferred by Sophocles, as making the complete. See rozg ff, and note.

--- Example 2 ---
ID: cu31924087948174_0035_10_iso
GT : all probability an Epic origin1; but Sophocles is fairly to be credited
OCR: all probability an Epic origin 1; but Sophocles is fairly to be credited

--- Example 3 ---
ID: cu31924087948174_0035_12_iso
GT : In his dissembling speech he professes himself anxious to avoid her
OCR: In his dissembling speech he professes himself anxious to avoid her

--- Example 4 ---
ID: cu31924087948174_0035_13_iso
GT : not, as Pindar describes it, at dead of night, or as Arctinus (according
OCR: not, as Pindar describes it, at dead of night, or as Arctinus (according

| FINAL METRICS |
Average CER: 0.009457583243376548
Average WER: 0.050960968855705696

==============================
Metrics for PerspectiveGT-Pairs
==============================
[PerspectiveGT-Pairs] English-only samples: 190
Total samples: 190

--- Example 1 ---
ID: cu31924087948174_0035_0_perspective
GT : preferred by Sophocles, as making the complete. See 1029 ff. and note.
OCR: preferred by Sopholes, as making the complete. See recap ff, and note

--- Example 2 ---
ID: cu31924087948174_0035_10_perspective
GT : all probability an Epic origin1; but Sophocles is fairly to be credited
OCR: all probability an Epic origin 1; but Sophocles is fairly to be credited

--- Example 3 ---
ID: cu31924087948174_0035_12_perspective
GT : In his dissembling speech he professes himself anxious to avoid her
OCR: In his dissembling speech he professes himself anxious to avoid her

--- Example 4 ---
ID: cu31924087948174_0035_13_perspective
GT : not, as Pindar describes it, at dead of night, or as Arctinus (according
OCR: not, as Pindar describes it, at dead of night, or as Arctions (according

| FINAL METRICS |
Average CER: 0.012003380583986574
Average WER: 0.06437763990395566

==============================
Metrics for jpeg_folder
==============================
[jpeg_folder] English-only samples: 190
Total samples: 190

--- Example 1 ---
ID: cu31924087948174_0035_0_jpeg
GT : preferred by Sophocles, as making the complete. See 1029 ff. and note.
OCR: preferred by Sophocles, as making the complete. See roag ff, and note.

--- Example 2 ---
ID: cu31924087948174_0035_10_jpeg
GT : all probability an Epic origin1; but Sophocles is fairly to be credited
OCR: all probability an Epic origin 1; but Sophocles is fairly to be credited

--- Example 3 ---
ID: cu31924087948174_0035_12_jpeg
GT : In his dissembling speech he professes himself anxious to avoid her
OCR: In his dissembling speech he professes himself anxious to avoid her

--- Example 4 ---
ID: cu31924087948174_0035_13_jpeg
GT : not, as Pindar describes it, at dead of night, or as Arctinus (according
OCR: not, as Pindar describes it, at dead of night, or as Arctinus (according

| FINAL METRICS |
Average CER: 0.00951004540699576
Average WER: 0.0525125751441541

==============================
Metrics for ShadowedGT-Pairs
==============================
[ShadowedGT-Pairs] English-only samples: 190
Total samples: 190

--- Example 1 ---
ID: cu31924087948174_0035_0_shadow
GT : preferred by Sophocles, as making the complete. See 1029 ff. and note.
OCR: preferred by Sophocles, as making the complete. See roag ff, and note.

--- Example 2 ---
ID: cu31924087948174_0035_10_shadow
GT : all probability an Epic origin1; but Sophocles is fairly to be credited
OCR: all probability an Epic origin 1; but Sophocles is fairly to be credited

--- Example 3 ---
ID: cu31924087948174_0035_12_shadow
GT : In his dissembling speech he professes himself anxious to avoid her
OCR: In his dissembling speech he professes himself anxious to avoid her

--- Example 4 ---
ID: cu31924087948174_0035_13_shadow
GT : not, as Pindar describes it, at dead of night, or as Arctinus (according
OCR: not, as Pindar describes it, at dead of night, or as Arctinus (according

| FINAL METRICS |
Average CER: 0.00971289078122896
Average WER: 0.046741767004924904