Model loaded on device: cuda

==============================
Metrics for GT-pairs
==============================
Total samples: 465

--- Example 1 ---
ID: cu31924087948174_0035_0
GT : preferred by Sophocles, as making the complete. See 1029 ff. and note.
OCR: preferred by Sophocles, as making the complete. See roag ff, and note.

--- Example 2 ---
ID: cu31924087948174_0035_1
GT : with making Ajax perfom his last act in presence of the Sun, and
OCR: with making Ajax perform his last act in presence of the Sun, and

--- Example 3 ---
ID: cu31924087948174_0035_10
GT : all probability an Epic origin1; but Sophocles is fairly to be credited
OCR: all probability an Epic origin 1; but Sophocles is fairly to be credited

--- Example 4 ---
ID: cu31924087948174_0035_11
GT : madness when in the act of stretching forth my hand against them.’
OCR: madness when in the act of stretching forth my hand against them.'

| FINAL METRICS |
Average CER: 1.1919035851921935
Average WER: 2.72350438478522

==============================
Metrics for BlurGT-Pairs
==============================
Total samples: 465

--- Example 1 ---
ID: cu31924087948174_0035_0_blur
GT : preferred by Sophocles, as making the complete. See 1029 ff. and note.
OCR: preferred by Sophocles, as making the complete. See 1029 ff, and note.

--- Example 2 ---
ID: cu31924087948174_0035_10_blur
GT : all probability an Epic origin1; but Sophocles is fairly to be credited
OCR: all probability an Epic origin 1; but Sophocles is fairly to be credited

--- Example 3 ---
ID: cu31924087948174_0035_11_blur
GT : madness when in the act of stretching forth my hand against them.’
OCR: madness when in the act of stretching forth my hand against them.'

--- Example 4 ---
ID: cu31924087948174_0035_12_blur
GT : In his dissembling speech he professes himself anxious to avoid her
OCR: In his dissenting speech he professes himself anxious to avoid her

| FINAL METRICS |
Average CER: 1.175876282867786
Average WER: 2.736676412876603

==============================
Metrics for iso_noise_folder
==============================
Total samples: 465

--- Example 1 ---
ID: cu31924087948174_0035_0_iso
GT : preferred by Sophocles, as making the complete. See 1029 ff. and note.
OCR: preferred by Sophocles, as making the complete. See rozg ff, and note.

--- Example 2 ---
ID: cu31924087948174_0035_10_iso
GT : all probability an Epic origin1; but Sophocles is fairly to be credited
OCR: all probability an Epic origin 1; but Sophocles is fairly to be credited

--- Example 3 ---
ID: cu31924087948174_0035_11_iso
GT : madness when in the act of stretching forth my hand against them.’
OCR: madness when in the act of stretching forth my hand against them.'

--- Example 4 ---
ID: cu31924087948174_0035_12_iso
GT : In his dissembling speech he professes himself anxious to avoid her
OCR: In his dissembling speech he professes himself anxious to avoid her

| FINAL METRICS |
Average CER: 1.1893181482877977
Average WER: 2.7214368802888727

==============================
Metrics for PerspectiveGT-Pairs
==============================
Total samples: 465

--- Example 1 ---
ID: cu31924087948174_0035_0_perspective
GT : preferred by Sophocles, as making the complete. See 1029 ff. and note.
OCR: preferred by Sopholes, as making the complete. See recap ff, and note

--- Example 2 ---
ID: cu31924087948174_0035_10_perspective
GT : all probability an Epic origin1; but Sophocles is fairly to be credited
OCR: all probability an Epic origin 1; but Sophocles is fairly to be credited

--- Example 3 ---
ID: cu31924087948174_0035_11_perspective
GT : madness when in the act of stretching forth my hand against them.’
OCR: madness when in the act of stretching forth my hand against them.

--- Example 4 ---
ID: cu31924087948174_0035_12_perspective
GT : In his dissembling speech he professes himself anxious to avoid her
OCR: In his dissembling speech he professes himself anxious to avoid her

| FINAL METRICS |
Average CER: 1.1940769282614505
Average WER: 2.7746191269198857

==============================
Metrics for jpeg_folder
==============================
Total samples: 465

--- Example 1 ---
ID: cu31924087948174_0035_0_jpeg
GT : preferred by Sophocles, as making the complete. See 1029 ff. and note.
OCR: preferred by Sophocles, as making the complete. See roag ff, and note.

--- Example 2 ---
ID: cu31924087948174_0035_10_jpeg
GT : all probability an Epic origin1; but Sophocles is fairly to be credited
OCR: all probability an Epic origin 1; but Sophocles is fairly to be credited

--- Example 3 ---
ID: cu31924087948174_0035_11_jpeg
GT : madness when in the act of stretching forth my hand against them.’
OCR: madness when in the act of stretching forth my hand against them.'

--- Example 4 ---
ID: cu31924087948174_0035_12_jpeg
GT : In his dissembling speech he professes himself anxious to avoid her
OCR: In his dissembling speech he professes himself anxious to avoid her

| FINAL METRICS |
Average CER: 1.1877258464575353
Average WER: 2.721845420374832
